<?xml version="1.0" encoding="UTF-8"?>
<!-- Generated by org.testng.reporters.JUnitReportReporter -->
<testsuite skipped="0" hostname="LIN16008879" name="Runner.MainRunner" tests="2" failures="0" timestamp="06 May 2020 18:42:55 GMT" time="118.048" errors="0">
  <testcase name="feature" time="98.087" classname="Runner.MainRunner"/>
  <testcase name="feature" time="19.961" classname="Runner.MainRunner"/>
</testsuite> <!-- Runner.MainRunner -->
