<?xml version="1.0" encoding="UTF-8"?>
<!-- Generated by org.testng.reporters.JUnitReportReporter -->
<testsuite hostname="LIN16008879" name="Utility.BaseClass" tests="1" failures="0" timestamp="30 Apr 2020 15:06:57 GMT" time="22.067" errors="0">
  <testcase name="testappium" time="22.067" classname="Utility.BaseClass"/>
</testsuite> <!-- Utility.BaseClass -->
